#
# A fatal error has been detected by the Java Runtime Environment:
#
#  SIGSEGV (0xb) at pc=0x000077f261eab8bc, pid=595444, tid=595446
#
# JRE version: OpenJDK Runtime Environment Corretto-21.0.5.11.1 (21.0.5+11) (build 21.0.5+11-LTS)
# Java VM: OpenJDK 64-Bit Server VM Corretto-21.0.5.11.1 (21.0.5+11-LTS, mixed mode, sharing, tiered, compressed oops, compressed class ptrs, g1 gc, linux-amd64)
# Problematic frame:
# C  [libc.so.6+0xab8bc]
[timeout occurred during error reporting in step "printing problematic frame"] after 30 s.
# Core dump will be written. Default location: Core dumps may be processed with "/usr/share/apport/apport -p%p -s%s -c%c -d%d -P%P -u%u -g%g -- %E" (or dumping to /home/uttam27/ChadGPT/core.595444)
#
# If you would like to submit a bug report, please visit:
#   https://github.com/corretto/corretto-21/issues/
# The crash happened outside the Java Virtual Machine in native code.
# See problematic frame for where to report the bug.
#

---------------  S U M M A R Y ------------

Command Line: -Dfile.encoding=UTF-8 -Duser.country=US -Duser.language=en -Duser.variant com.chadgpt.angrybirds.lwjgl3.Lwjgl3Launcher

Host: 
[timeout occurred during error reporting in step "printing summary machine and OS info"] after 30 s.
Time: Thu Oct 24 00:30:24 2024 IST elapsed time: 95.116393 seconds (0d 0h 1m 35s)

---------------  T H R E A D  ---------------

Current thread (0x000077f25c02d2f0):  JavaThread "main"             [_thread_in_native, id=595446, stack(0x000077f262568000,0x000077f262668000) (1024K)]

Stack: [0x000077f262568000,0x000077f262668000],  sp=0x000077f262665e80,  free space=1015k
Native frames: (J=compiled Java code, j=interpreted, Vv=VM code, C=native code)
C  [libc.so.6+0xab8bc]
------ Timeout during error reporting after 120 s. ------
